<?xml version="1.0" encoding="UTF-8"?>
<!-- Generated by org.testng.reporters.JUnitReportReporter -->
<testsuite hostname="LAPTOP-3N9MTLMM" failures="0" tests="1" name="sample.firstbowser2" time="9.020" errors="0" timestamp="2020-12-25T09:29:05 IST" skipped="0">
  <testcase classname="sample.firstbowser2" name="first" time="9.020"/>
  <system-out/>
</testsuite> <!-- sample.firstbowser2 -->
