<?xml version="1.0" encoding="UTF-8"?>
<!-- Generated by org.testng.reporters.JUnitReportReporter -->
<testsuite hostname="LAPTOP-3N9MTLMM" failures="0" tests="1" name="sample.testing" time="15.539" errors="0" timestamp="2020-12-25T12:50:12 IST" skipped="0">
  <testcase classname="sample.testing" name="rahul" time="15.539"/>
  <system-out/>
</testsuite> <!-- sample.testing -->
