<?xml version="1.0" encoding="UTF-8"?>
<!-- Generated by org.testng.reporters.JUnitReportReporter -->
<testsuite hostname="LAPTOP-3N9MTLMM" failures="0" tests="1" name="sample.firstbowser" time="44.441" errors="0" timestamp="2020-12-24T21:36:45 IST" skipped="0">
  <testcase classname="sample.firstbowser" name="first" time="44.441"/>
  <system-out/>
</testsuite> <!-- sample.firstbowser -->
